gcc -c -O2 -fomit-frame-pointer -DUNICODE -D_UNICODE -Wall -Wdeclaration-after-statement  -I"/c/Tclbuild/build32/tcl8.6.4/compat/zlib" -I"/c/Tclbuild/build32/tcl8.6.4/generic" -DTCL_TOMMATH -DMP_PREC=4 -I"/c/Tclbuild/build32/tcl8.6.4/libtommath" -I"/c/Tclbuild/build32/tcl8.6.4/win" -pipe -DPACKAGE_NAME=\"\" -DPACKAGE_TARNAME=\"\" -DPACKAGE_VERSION=\"\" -DPACKAGE_STRING=\"\" -DPACKAGE_BUGREPORT=\"\" -DSTDC_HEADERS=1 -DTCL_THREADS=1 -DUSE_THREAD_ALLOC=1 -DTCL_CFGVAL_ENCODING=\"cp1252\" -DHAVE_SYS_TYPES_H=1 -DHAVE_SYS_STAT_H=1 -DHAVE_STDLIB_H=1 -DHAVE_STRING_H=1 -DHAVE_MEMORY_H=1 -DHAVE_STRINGS_H=1 -DHAVE_INTTYPES_H=1 -DHAVE_STDINT_H=1 -DHAVE_UNISTD_H=1 -DMODULE_SCOPE=extern -DHAVE_NO_SEH=1 -DHAVE_CAST_TO_UNION=1 -DHAVE_ZLIB=1 -DHAVE_INTPTR_T=1 -DHAVE_UINTPTR_T=1 -DHAVE_WSPIAPI_H=1 -DNDEBUG=1 -DTCL_CFG_OPTIMIZED=1    "cat.c" -o cat32.o
gcc -O2 -fomit-frame-pointer -DUNICODE -D_UNICODE cat32.o -o cat32.exe -lnetapi32 -lkernel32 -luser32 -ladvapi32 -lws2_32 /c/Tclbuild/build32/tcl8.6.4/compat/zlib/win32/zdll.lib -mconsole -pipe -static-libgcc -municode
gcc -c -O2 -fomit-frame-pointer -DUNICODE -D_UNICODE -Wall -Wdeclaration-after-statement  -I"/c/Tclbuild/build32/tcl8.6.4/compat/zlib" -I"/c/Tclbuild/build32/tcl8.6.4/generic" -DTCL_TOMMATH -DMP_PREC=4 -I"/c/Tclbuild/build32/tcl8.6.4/libtommath" -I"/c/Tclbuild/build32/tcl8.6.4/win" -pipe -DPACKAGE_NAME=\"\" -DPACKAGE_TARNAME=\"\" -DPACKAGE_VERSION=\"\" -DPACKAGE_STRING=\"\" -DPACKAGE_BUGREPORT=\"\" -DSTDC_HEADERS=1 -DTCL_THREADS=1 -DUSE_THREAD_ALLOC=1 -DTCL_CFGVAL_ENCODING=\"cp1252\" -DHAVE_SYS_TYPES_H=1 -DHAVE_SYS_STAT_H=1 -DHAVE_STDLIB_H=1 -DHAVE_STRING_H=1 -DHAVE_MEMORY_H=1 -DHAVE_STRINGS_H=1 -DHAVE_INTTYPES_H=1 -DHAVE_STDINT_H=1 -DHAVE_UNISTD_H=1 -DMODULE_SCOPE=extern -DHAVE_NO_SEH=1 -DHAVE_CAST_TO_UNION=1 -DHAVE_ZLIB=1 -DHAVE_INTPTR_T=1 -DHAVE_UINTPTR_T=1 -DHAVE_WSPIAPI_H=1 -DNDEBUG=1 -DTCL_CFG_OPTIMIZED=1    -DBUILD_tcl "/c/Tclbuild/build32/tcl8.6.4/generic/tclTest.c" -o tclTest.o
gcc -c -O2 -fomit-frame-pointer -DUNICODE -D_UNICODE -Wall -Wdeclaration-after-statement  -I"/c/Tclbuild/build32/tcl8.6.4/compat/zlib" -I"/c/Tclbuild/build32/tcl8.6.4/generic" -DTCL_TOMMATH -DMP_PREC=4 -I"/c/Tclbuild/build32/tcl8.6.4/libtommath" -I"/c/Tclbuild/build32/tcl8.6.4/win" -pipe -DPACKAGE_NAME=\"\" -DPACKAGE_TARNAME=\"\" -DPACKAGE_VERSION=\"\" -DPACKAGE_STRING=\"\" -DPACKAGE_BUGREPORT=\"\" -DSTDC_HEADERS=1 -DTCL_THREADS=1 -DUSE_THREAD_ALLOC=1 -DTCL_CFGVAL_ENCODING=\"cp1252\" -DHAVE_SYS_TYPES_H=1 -DHAVE_SYS_STAT_H=1 -DHAVE_STDLIB_H=1 -DHAVE_STRING_H=1 -DHAVE_MEMORY_H=1 -DHAVE_STRINGS_H=1 -DHAVE_INTTYPES_H=1 -DHAVE_STDINT_H=1 -DHAVE_UNISTD_H=1 -DMODULE_SCOPE=extern -DHAVE_NO_SEH=1 -DHAVE_CAST_TO_UNION=1 -DHAVE_ZLIB=1 -DHAVE_INTPTR_T=1 -DHAVE_UINTPTR_T=1 -DHAVE_WSPIAPI_H=1 -DNDEBUG=1 -DTCL_CFG_OPTIMIZED=1    -DBUILD_tcl "/c/Tclbuild/build32/tcl8.6.4/generic/tclTestObj.c" -o tclTestObj.o
gcc -c -O2 -fomit-frame-pointer -DUNICODE -D_UNICODE -Wall -Wdeclaration-after-statement  -I"/c/Tclbuild/build32/tcl8.6.4/compat/zlib" -I"/c/Tclbuild/build32/tcl8.6.4/generic" -DTCL_TOMMATH -DMP_PREC=4 -I"/c/Tclbuild/build32/tcl8.6.4/libtommath" -I"/c/Tclbuild/build32/tcl8.6.4/win" -pipe -DPACKAGE_NAME=\"\" -DPACKAGE_TARNAME=\"\" -DPACKAGE_VERSION=\"\" -DPACKAGE_STRING=\"\" -DPACKAGE_BUGREPORT=\"\" -DSTDC_HEADERS=1 -DTCL_THREADS=1 -DUSE_THREAD_ALLOC=1 -DTCL_CFGVAL_ENCODING=\"cp1252\" -DHAVE_SYS_TYPES_H=1 -DHAVE_SYS_STAT_H=1 -DHAVE_STDLIB_H=1 -DHAVE_STRING_H=1 -DHAVE_MEMORY_H=1 -DHAVE_STRINGS_H=1 -DHAVE_INTTYPES_H=1 -DHAVE_STDINT_H=1 -DHAVE_UNISTD_H=1 -DMODULE_SCOPE=extern -DHAVE_NO_SEH=1 -DHAVE_CAST_TO_UNION=1 -DHAVE_ZLIB=1 -DHAVE_INTPTR_T=1 -DHAVE_UINTPTR_T=1 -DHAVE_WSPIAPI_H=1 -DNDEBUG=1 -DTCL_CFG_OPTIMIZED=1    -DBUILD_tcl "/c/Tclbuild/build32/tcl8.6.4/generic/tclTestProcBodyObj.c" -o tclTestProcBodyObj.o
gcc -c -O2 -fomit-frame-pointer -DUNICODE -D_UNICODE -Wall -Wdeclaration-after-statement  -I"/c/Tclbuild/build32/tcl8.6.4/compat/zlib" -I"/c/Tclbuild/build32/tcl8.6.4/generic" -DTCL_TOMMATH -DMP_PREC=4 -I"/c/Tclbuild/build32/tcl8.6.4/libtommath" -I"/c/Tclbuild/build32/tcl8.6.4/win" -pipe -DPACKAGE_NAME=\"\" -DPACKAGE_TARNAME=\"\" -DPACKAGE_VERSION=\"\" -DPACKAGE_STRING=\"\" -DPACKAGE_BUGREPORT=\"\" -DSTDC_HEADERS=1 -DTCL_THREADS=1 -DUSE_THREAD_ALLOC=1 -DTCL_CFGVAL_ENCODING=\"cp1252\" -DHAVE_SYS_TYPES_H=1 -DHAVE_SYS_STAT_H=1 -DHAVE_STDLIB_H=1 -DHAVE_STRING_H=1 -DHAVE_MEMORY_H=1 -DHAVE_STRINGS_H=1 -DHAVE_INTTYPES_H=1 -DHAVE_STDINT_H=1 -DHAVE_UNISTD_H=1 -DMODULE_SCOPE=extern -DHAVE_NO_SEH=1 -DHAVE_CAST_TO_UNION=1 -DHAVE_ZLIB=1 -DHAVE_INTPTR_T=1 -DHAVE_UINTPTR_T=1 -DHAVE_WSPIAPI_H=1 -DNDEBUG=1 -DTCL_CFG_OPTIMIZED=1    -DBUILD_tcl "/c/Tclbuild/build32/tcl8.6.4/generic/tclThreadTest.c" -o tclThreadTest.o
gcc -c -O2 -fomit-frame-pointer -DUNICODE -D_UNICODE -Wall -Wdeclaration-after-statement  -I"/c/Tclbuild/build32/tcl8.6.4/compat/zlib" -I"/c/Tclbuild/build32/tcl8.6.4/generic" -DTCL_TOMMATH -DMP_PREC=4 -I"/c/Tclbuild/build32/tcl8.6.4/libtommath" -I"/c/Tclbuild/build32/tcl8.6.4/win" -pipe -DPACKAGE_NAME=\"\" -DPACKAGE_TARNAME=\"\" -DPACKAGE_VERSION=\"\" -DPACKAGE_STRING=\"\" -DPACKAGE_BUGREPORT=\"\" -DSTDC_HEADERS=1 -DTCL_THREADS=1 -DUSE_THREAD_ALLOC=1 -DTCL_CFGVAL_ENCODING=\"cp1252\" -DHAVE_SYS_TYPES_H=1 -DHAVE_SYS_STAT_H=1 -DHAVE_STDLIB_H=1 -DHAVE_STRING_H=1 -DHAVE_MEMORY_H=1 -DHAVE_STRINGS_H=1 -DHAVE_INTTYPES_H=1 -DHAVE_STDINT_H=1 -DHAVE_UNISTD_H=1 -DMODULE_SCOPE=extern -DHAVE_NO_SEH=1 -DHAVE_CAST_TO_UNION=1 -DHAVE_ZLIB=1 -DHAVE_INTPTR_T=1 -DHAVE_UINTPTR_T=1 -DHAVE_WSPIAPI_H=1 -DNDEBUG=1 -DTCL_CFG_OPTIMIZED=1    -DBUILD_tcl "tclWinTest.c" -o tclWinTest.o
gcc -shared  -o tcltest86.dll -pipe -static-libgcc -municode 	    -Wl,--out-implib,libtcltest86.a tclTest.o tclTestObj.o tclTestProcBodyObj.o tclThreadTest.o tclWinTest.o libtclstub86.a -lnetapi32 -lkernel32 -luser32 -ladvapi32 -lws2_32 /c/Tclbuild/build32/tcl8.6.4/compat/zlib/win32/zdll.lib
TCL_LIBRARY="/c/Tclbuild/build32/tcl8.6.4/library"; export TCL_LIBRARY; \
	./tclsh86.exe "./../tests/all.tcl"  \
	-load "package ifneeded Tcltest 8.6.4 [list load [file normalize tcltest86.dll] Tcltest]; \
	package ifneeded dde 1.4.0 [list load [file normalize tcldde14.dll] dde]; \
	package ifneeded registry 1.3.0 [list load [file normalize tclreg13.dll] registry]" | ./cat32.exe
Tests running in interp:  c:/Tclbuild/build32/tcl8.6.4/win/tclsh86.exe
Tests located in:  C:/Tclbuild/build32/tcl8.6.4/tests
Tests running in:  C:/Tclbuild/build32/tcl8.6.4/win
Temporary files stored in C:/Tclbuild/build32/tcl8.6.4/win
Test files run in separate interpreters
Running tests that match:  *
Skipping test files that match:  l.*.test
Only running test files that match:  *.test
Tests began at Thu Feb 18 20:06:40 +0100 2016
aaa_exit.test
append.test
appendComp.test
apply.test
assemble.test
assocd.test
async.test
autoMkindex.test
basic.test
binary.test
case.test
chan.test
chanio.test


==== chan-io-60.1 writing illegal utf sequences FAILED
==== Contents of test case:

    # This test will hang in older revisions of the core.
    set out [open $path(script) w]
    chan puts $out {
	chan puts [testbytestring \xe2]
	exit 1
    }
    proc readit {pipe} {
	variable x
	variable result
	if {[chan eof $pipe]} {
	    set x [catch {chan close $pipe} line]
	    lappend result catch $line
	} else {
	    chan gets $pipe line
	    lappend result gets $line
	}
    }
    chan close $out
    set pipe [openpipe r $path(script)]
    chan event $pipe readable [namespace code [list readit $pipe]]
    variable x ""
    set result ""
    vwait [namespace which -variable x]
    # cut of the remainder of the error stack, especially the filename
    set result [lreplace $result 3 3 [lindex [split [lindex $result 3] \n] 0]]
    list $x $result

---- Result was:
1 {gets {} catch {invalid command name "testbytestring"}}
---- Result should have been (exact matching):
1 {gets {} catch {error writing "stdout": invalid argument}}
==== chan-io-60.1 FAILED

clock.test
cmdAH.test
cmdIL.test
cmdInfo.test
cmdMZ.test
compExpr-old.test
compExpr.test
compile.test
concat.test
config.test
coroutine.test
dcall.test
dict.test
dstring.test
encoding.test
env.test
error.test
eval.test
event.test
exec.test
execute.test
expr-old.test
expr.test
fCmd.test
fileName.test
fileSystem.test


==== filesystem-1.3 link normalisation FAILED
==== Contents of test case:

    testPathEqual [file normalize [file join dir.dir foo]]  [file normalize [file join dir.link foo]]

---- Result was:
not equal: C:/Tclbuild/build32/tcl8.6.4/win/dir.dir/foo C:/Tclbuild/build32/tcl8.6.4/win/dir.link/foo
---- Result should have been (exact matching):
ok
==== filesystem-1.3 FAILED



==== filesystem-1.4 link normalisation FAILED
==== Contents of test case:

    testPathEqual [file normalize [file join dir.dir inside.file]]  [file normalize [file join dir.link inside.file]]

---- Result was:
not equal: C:/Tclbuild/build32/tcl8.6.4/win/dir.dir/inside.file C:/Tclbuild/build32/tcl8.6.4/win/dir.link/inside.file
---- Result should have been (exact matching):
ok
==== filesystem-1.4 FAILED



==== filesystem-1.38 file normalisation with volume relative FAILED
==== Contents of test case:

    set path "[string range [lindex $drives 0] 0 1]foo"
    cd [lindex $drives 1]
    file norm $path

---- Test generated error; Return code was: 1
---- Return code should have been one of: 0 2
---- errorInfo: couldn't change working directory to "": no such file or directory
    while executing
"cd [lindex $drives 1]"
    ("uplevel" body line 3)
    invoked from within
"uplevel 1 $script"
---- errorCode: POSIX ENOENT {no such file or directory}
==== filesystem-1.38 FAILED

for-old.test
for.test
foreach.test
format.test
get.test
history.test
http.test
http11.test
httpold.test
if-old.test
if.test
incr-old.test
incr.test
indexObj.test
info.test
init.test
interp.test
io.test


==== io-60.1 writing illegal utf sequences FAILED
==== Contents of test case:

    # This test will hang in older revisions of the core.

    set out [open $path(script) w]
    puts $out {
	puts [testbytestring \xe2]
	exit 1
    }
    proc readit {pipe} {
	variable x
	variable result
	if {[eof $pipe]} {
	    set x [catch {close $pipe} line]
	    lappend result catch $line
	} else {
	    gets $pipe line
	    lappend result gets $line
	}
    }
    close $out
    set pipe [open "|[list [interpreter] $path(script)]" r]
    fileevent $pipe readable [namespace code [list readit $pipe]]
    variable x ""
    set result ""
    vwait [namespace which -variable x]

    # cut of the remainder of the error stack, especially the filename
    set result [lreplace $result 3 3 [lindex [split [lindex $result 3] \n] 0]]
    list $x $result

---- Result was:
1 {gets {} catch {invalid command name "testbytestring"}}
---- Result should have been (exact matching):
1 {gets {} catch {error writing "stdout": invalid argument}}
==== io-60.1 FAILED

ioCmd.test
ioTrans.test


==== iortrans-11.1 origin interpreter of moved transform destroyed during access FAILED
==== Contents of test case:

    # Set up channel in thread
    set chan [interp eval $ida $helperscript]
    interp eval $ida [list ::variable tempchan [tempchan]]
    interp transfer {} $::tempchan $ida
    set chan [interp eval $ida {
	proc foo {args} {
	    handle.initialize clear drain flush limit? read write
	    handle.finalize
	    lappend ::res $args
	    # Destroy interpreter during channel access.
	    suicide
	}
	set chan [chan push $tempchan foo]
	fconfigure $chan -buffering none
	set chan
    }]
    interp alias $ida suicide {} interp delete $ida
    # Move channel to 2nd thread, transform goes with it.
    interp eval $ida [list testchannel cut $chan]
    interp eval $idb [list testchannel splice $chan]
    # Run access from interpreter B, this will give us a synchronous response.
    interp eval $idb [list set chan $chan]
    interp eval $idb [list set mid $tcltest::mainThread]
    set res [interp eval $idb {
	# Wait a bit, give the main thread the time to start its event loop to
	# wait for the response from B
	after 50
	catch { puts $chan shoo } res
	set res
    }]

---- Test cleanup failed:
error deleting "C:/Tclbuild/build32/tcl8.6.4/win/tempchanfile": permission denied
---- errorInfo(cleanup): error deleting "C:/Tclbuild/build32/tcl8.6.4/win/tempchanfile": permission denied
    while executing
"file delete -- $fullName"
    (procedure "removeFile" line 21)
    invoked from within
"removeFile tempchanfile"
    (procedure "tempdone" line 4)
    invoked from within
"tempdone"
    ("uplevel" body line 2)
    invoked from within
"uplevel 1 $cleanup"
---- errorCode(cleanup): POSIX EACCES {permission denied}
==== iortrans-11.1 FAILED



==== iortrans-11.2 delete interp of reflected transform FAILED
==== Contents of test case:

    # Get base channel into the slave
    set c [tempchan]
    testchannel cut $c
    interp eval slave [list testchannel splice $c]
    interp eval slave [list set c $c]
    slave eval {
	proc no-op args {}
	proc driver {c sub args} {
	    return {initialize finalize read write}
	}
	set t [chan push $c [list driver $c]]
	chan event $c readable no-op
    }
    interp delete slave

---- Test cleanup failed:
error deleting "C:/Tclbuild/build32/tcl8.6.4/win/tempchanfile": permission denied
---- errorInfo(cleanup): error deleting "C:/Tclbuild/build32/tcl8.6.4/win/tempchanfile": permission denied
    while executing
"file delete -- $fullName"
    (procedure "removeFile" line 21)
    invoked from within
"removeFile tempchanfile"
    (procedure "tempdone" line 4)
    invoked from within
"tempdone"
    ("uplevel" body line 2)
    invoked from within
"uplevel 1 $cleanup"
---- errorCode(cleanup): POSIX EACCES {permission denied}
==== iortrans-11.2 FAILED

Warning: files left behind:
	ioTrans.test:	tempchanfile
iogt.test
join.test
lindex.test
link.test
linsert.test
list.test
listObj.test
llength.test
lmap.test
load.test
lrange.test
lrepeat.test
lreplace.test
lsearch.test
lset.test
lsetComp.test
macOSXFCmd.test
macOSXLoad.test
main.test
mathop.test
misc.test
msgcat.test
namespace-old.test
namespace.test
notify.test
nre.test
obj.test
oo.test
ooNext2.test
opt.test
package.test
parse.test
parseExpr.test
parseOld.test
pid.test
pkgMkIndex.test
platform.test
proc-old.test
proc.test
pwd.test
reg.test
regexp.test
regexpComp.test
registry.test
rename.test
resolver.test
result.test
safe.test
scan.test
security.test
set-old.test
set.test
socket.test
source.test
split.test
stack.test
string.test
stringComp.test
stringObj.test
subst.test
switch.test
tailcall.test
tcltest.test


==== tcltest-7.2 tcltest test.tcl -debug 1 FAILED
==== Contents of test case:

    catch {exec [interpreter] test.tcl -debug 1 -skip b*} msg
    list [regexp userSpecifiedSkip $msg]  [regexp "Flags passed into tcltest" $msg]

---- Result was:
0 0
---- Result should have been (exact matching):
1 0
==== tcltest-7.2 FAILED



==== tcltest-8.4 tcltest a.tcl -tmpdir notWriteableDir FAILED
==== Contents of test case:
slave msg $a -tmpdir $notWriteableDir
	return $msg
---- Result was:
testdir: C:/Tclbuild/build32/tcl8.6.4/win
---- Result should have been (glob matching):
*not writeable*
==== tcltest-8.4 FAILED

thread.test
timer.test
tm.test
trace.test
unixFCmd.test
unixFile.test
unixForkEvent.test
unixInit.test
unixNotfy.test
unknown.test
unload.test
uplevel.test
upvar.test
utf.test
util.test
var.test
while-old.test
while.test
winConsole.test
winDde.test
winFCmd.test
winFile.test
winNotify.test
winPipe.test
You should see this


==== winpipe-8.19 ensure parse_cmdline isn't doing wildcard replacement FAILED
==== Contents of test case:

    exec [interpreter] $path(echoArgs.tcl) foo * makefile.?c bar

---- Result was:
C:/Tclbuild/build32/tcl8.6.4/win/echoArgs.tcl {foo aclocal.m4 big bn_fast_s_mp_mul_digs.o bn_fast_s_mp_sqr.o bn_mp_add.o bn_mp_add_d.o bn_mp_and.o bn_mp_clamp.o bn_mp_clear.o bn_mp_clear_multi.o bn_mp_cmp.o bn_mp_cmp_d.o bn_mp_cmp_mag.o bn_mp_cnt_lsb.o bn_mp_copy.o bn_mp_count_bits.o bn_mp_div.o bn_mp_div_2.o bn_mp_div_2d.o bn_mp_div_3.o bn_mp_div_d.o bn_mp_exch.o bn_mp_expt_d.o bn_mp_grow.o bn_mp_init.o bn_mp_init_copy.o bn_mp_init_multi.o bn_mp_init_set.o bn_mp_init_set_int.o bn_mp_init_size.o bn_mp_karatsuba_mul.o bn_mp_karatsuba_sqr.o bn_mp_lshd.o bn_mp_mod.o bn_mp_mod_2d.o bn_mp_mul.o bn_mp_mul_2.o bn_mp_mul_2d.o bn_mp_mul_d.o bn_mp_neg.o bn_mp_or.o bn_mp_radix_size.o bn_mp_radix_smap.o bn_mp_read_radix.o bn_mp_rshd.o bn_mp_set.o bn_mp_set_int.o bn_mp_shrink.o bn_mp_sqr.o bn_mp_sqrt.o bn_mp_sub.o bn_mp_sub_d.o bn_mp_to_unsigned_bin.o bn_mp_to_unsigned_bin_n.o bn_mp_toom_mul.o bn_mp_toom_sqr.o bn_mp_toradix_n.o bn_mp_unsigned_bin_size.o bn_mp_xor.o bn_mp_zero.o bn_reverse.o bn_s_mp_add.o bn_s_mp_mul_digs.o bn_s_mp_sqr.o bn_s_mp_sub.o bncore.o buildall.vc.bat cat.c cat32.exe cat32.o coffbase.txt config.log config.status configure configure.in echoArgs.tcl libtcl86.a libtcldde14.a libtclreg13.a libtclstub86.a libtcltest86.a license.terms little Makefile makefile.bc Makefile.in makefile.vc more nmakehlp.c nothing pkgs README regcomp.o regerror.o regexec.o regfree.o rules.vc stderr stdout tcl.dsp tcl.dsw tcl.hpj tcl.hpj.in tcl.m4 tcl.rc tcl.res.o tcl86.dll tclAlloc.o tclAppInit.c tclAppInit.o tclAssembly.o tclAsync.o tclBasic.o tclBinary.o tclCkalloc.o tclClock.o tclCmdAH.o tclCmdIL.o tclCmdMZ.o tclCompCmds.o tclCompCmdsGR.o tclCompCmdsSZ.o tclCompExpr.o tclCompile.o tclConfig.o tclConfig.sh tclConfig.sh.in tclDate.o tcldde14.dll tclDictObj.o tclDisassemble.o tclEncoding.o tclEnsemble.o tclEnv.o tclEvent.o tclExecute.o TCLFB.tmp TCLFCAA.tmp tclFCmd.o tclFileName.o tclGet.o tclHash.o tclHistory.o tclIndexObj.o tclInterp.o tclIO.o tclIOCmd.o tclIOGT.o tclIORChan.o tclIORTrans.o tclIOSock.o tclIOUtil.o tclLink.o tclListObj.o tclLiteral.o tclLoad.o tclMain.o tclMain2.o tclNamesp.o tclNotify.o tclObj.o tclOO.o tclOOBasic.o tclOOCall.o tclooConfig.sh tclOODefineCmds.o tclOOInfo.o tclOOMethod.o tclOOStubInit.o tclOOStubLib.o tclOptimize.o tclPanic.o tclParse.o tclPathObj.o tclPipe.o tclPkg.o tclPkgConfig.o tclPosixStr.o tclPreserve.o tclProc.o tclreg13.dll tclRegexp.o tclResolve.o tclResult.o tclScan.o tclsh.exe.manifest tclsh.exe.manifest.in tclsh.ico tclsh.rc tclsh.res.o tclsh86.exe tclStringObj.o tclStrToD.o tclStubInit.o tclStubLib.o tclTest.o tcltest86.dll tclTestObj.o tclTestProcBodyObj.o tclThread.o tclThreadAlloc.o tclThreadJoin.o tclThreadStorage.o tclThreadTest.o tclTimer.o tclTomMathInterface.o tclTomMathStubLib.o tclTrace.o tclUtf.o tclUtil.o tclVar.o tclWin32Dll.c tclWin32Dll.o tclWinChan.c tclWinChan.o tclWinConsole.c tclWinConsole.o tclWinDde.c tclWinDde.o tclWinError.c tclWinError.o tclWinFCmd.c tclWinFCmd.o tclWinFile.c tclWinFile.o tclWinInit.c tclWinInit.o tclWinInt.h tclWinLoad.c tclWinLoad.o tclWinNotify.c tclWinNotify.o tclWinPipe.c tclWinPipe.o tclWinPort.h tclWinReg.c tclWinReg.o tclWinSerial.c tclWinSerial.o tclWinSock.c tclWinSock.o tclWinTest.c tclWinTest.o tclWinThrd.c tclWinThrd.o tclWinTime.c tclWinTime.o tclZlib.o tempchanfile test32_tcl.log zlib1.dll makefile.bc makefile.vc bar}
---- Result should have been (exact matching):
C:/Tclbuild/build32/tcl8.6.4/win/echoArgs.tcl {foo * makefile.?c bar}
==== winpipe-8.19 FAILED

Warning: files left behind:
	winPipe.test:	TCLFCAA.tmp
winTime.test
zlib.test


==== zlib-8.9 transformation and fconfigure FAILED
==== Contents of test case:

    zlib push compress $outSide -dictionary $spdyDict
    fconfigure $outSide -blocking 0 -translation binary -buffering none
    fconfigure $inSide -blocking 0 -translation binary
    puts -nonewline $outSide $spdyHeaders
    set result [fconfigure $outSide -checksum]
    chan pop $outSide
    $strm put -dictionary $spdyDict [read $inSide]
    lappend result [string length $spdyHeaders] [string length [$strm get]]

---- Result was:
3064818174 358 0
---- Result should have been (exact matching):
3064818174 358 358
==== zlib-8.9 FAILED


Tests ended at Thu Feb 18 20:12:35 +0100 2016
all.tcl:	Total	29299	Passed	28258	Skipped	1030	Failed	11
Sourced 148 Test Files.
Files with failing tests: chanio.test fileSystem.test io.test ioTrans.test tcltest.test winPipe.test zlib.test
Number of tests skipped for each constraint:
	9	!ieeeFloatingPoint
	2	RealConsole
	36	Tcltest
	6	TcltestPackage
	3	asyncPipeChan
	76	bigEndian
	5	bug-3057639
	9	cdrom
	3	debug
	1	dontCopyLinks
	19	eformat
	66	emptyTest
	14	english
	2	exdev
	2	hasIsoLocale
	1	interactive
	1	knownBadTest
	40	knownBug
	100	localeRegexp
	12	longIs64bit
	14	macosxFileAttr
	73	memory
	24	nonPortable
	1	nonportable
	5	notNetworkFilesystem
	18	pkga.dllRequired
	20	pkgua.dllRequired
	8	procbodytest
	1	reg
	2	sharedCdrive
	3	singleTestInterp
	1	symbolicLinkFile
	3	tempNotWin
	1	testexprparser && !ieeeFloatingPoint
	22	testfilehandler
	2	testfilewait
	7	testfindexecutable
	1	testfork
	1	testgetdefenc
	21	testwordend
	186	thread
	183	unix
	6	win2000orXP
	3	winOlderThan2000
	6	xdev
Building package 'itcl4.0.3'
make[1]: Entering directory `/c/Tclbuild/build32/tcl8.6.4/win/pkgs/itcl4.0.3'
make[1]: Nothing to be done for `all'.
make[1]: Leaving directory `/c/Tclbuild/build32/tcl8.6.4/win/pkgs/itcl4.0.3'
Building package 'sqlite3.8.8.3'
make[1]: Entering directory `/c/Tclbuild/build32/tcl8.6.4/win/pkgs/sqlite3.8.8.3'
If you have documentation to create, place the commands to
build the docs in the 'doc:' target.  For example:
        xml2nroff sample.xml > sample.n
        xml2html sample.xml > sample.html
make[1]: Leaving directory `/c/Tclbuild/build32/tcl8.6.4/win/pkgs/sqlite3.8.8.3'
Building package 'tdbc1.0.3'
make[1]: Entering directory `/c/Tclbuild/build32/tcl8.6.4/win/pkgs/tdbc1.0.3'
cp -p /c/Tclbuild/build32/tcl8.6.4/pkgs/tdbc1.0.3/library/tdbc.tcl .
make[1]: Leaving directory `/c/Tclbuild/build32/tcl8.6.4/win/pkgs/tdbc1.0.3'
Building package 'tdbcmysql1.0.3'
make[1]: Entering directory `/c/Tclbuild/build32/tcl8.6.4/win/pkgs/tdbcmysql1.0.3'
make[1]: Nothing to be done for `all'.
make[1]: Leaving directory `/c/Tclbuild/build32/tcl8.6.4/win/pkgs/tdbcmysql1.0.3'
Building package 'tdbcodbc1.0.3'
make[1]: Entering directory `/c/Tclbuild/build32/tcl8.6.4/win/pkgs/tdbcodbc1.0.3'
make[1]: Nothing to be done for `all'.
make[1]: Leaving directory `/c/Tclbuild/build32/tcl8.6.4/win/pkgs/tdbcodbc1.0.3'
Building package 'tdbcpostgres1.0.3'
make[1]: Entering directory `/c/Tclbuild/build32/tcl8.6.4/win/pkgs/tdbcpostgres1.0.3'
make[1]: Nothing to be done for `all'.
make[1]: Leaving directory `/c/Tclbuild/build32/tcl8.6.4/win/pkgs/tdbcpostgres1.0.3'
Building package 'tdbcsqlite3-1.0.3'
make[1]: Entering directory `/c/Tclbuild/build32/tcl8.6.4/win/pkgs/tdbcsqlite3-1.0.3'
If you have documentation to create, place the commands to
build the docs in the 'doc:' target.  For example:
        xml2nroff sample.xml > sample.n
        xml2html sample.xml > sample.html
make[1]: Leaving directory `/c/Tclbuild/build32/tcl8.6.4/win/pkgs/tdbcsqlite3-1.0.3'
Building package 'thread2.7.2'
make[1]: Entering directory `/c/Tclbuild/build32/tcl8.6.4/win/pkgs/thread2.7.2'
make[1]: Nothing to be done for `all'.
make[1]: Leaving directory `/c/Tclbuild/build32/tcl8.6.4/win/pkgs/thread2.7.2'
Testing package 'itcl4.0.3'
make[1]: Entering directory `/c/Tclbuild/build32/tcl8.6.4/win/pkgs/itcl4.0.3'
Tests running in interp:  c:/Tclbuild/build32/tcl8.6.4/win/tclsh86.exe
Tests located in:  C:/Tclbuild/build32/tcl8.6.4/pkgs/itcl4.0.3/tests
Tests running in:  C:/Tclbuild/build32/tcl8.6.4/win/pkgs/itcl4.0.3
Temporary files stored in C:/Tclbuild/build32/tcl8.6.4/win/pkgs/itcl4.0.3
Test files run in separate interpreters
Running tests that match:  *
Skipping test files that match:  l.*.test
Only running test files that match:  *.test
Tests began at Thu Feb 18 20:12:39 +0100 2016
basic.test
body.test
chain.test
delete.test
eclasscomponent.test
ensemble.test
general1.test
import.test
info.test
inherit.test
interp.test
local.test
methods.test
mkindex.test
namespace.test
protection.test
scope.test
sfbugs.test
typeclass.test
typedelegation.test
typefunction.test
typeinfo.test
typeoption.test
typevariable.test
widgetadaptor.test
widgetclass.test

Tests ended at Thu Feb 18 20:12:41 +0100 2016
all.tcl:	Total	759	Passed	694	Skipped	65	Failed	0
Sourced 26 Test Files.
Number of tests skipped for each constraint:
	5	needs_frq_1773103
	2	only_working_in_itcl3.4
	58	tk
make[1]: Leaving directory `/c/Tclbuild/build32/tcl8.6.4/win/pkgs/itcl4.0.3'
Testing package 'sqlite3.8.8.3'
make[1]: Entering directory `/c/Tclbuild/build32/tcl8.6.4/win/pkgs/sqlite3.8.8.3'
TCL_LIBRARY=`echo /c/Tclbuild/build32/tcl8.6.4/library` LD_LIBRARY_PATH=".:/c/Tclbuild/build32/tcl8.6.4/win:/c/Tclbuild/build32/tcl8.6.4/win:" PATH=".:/c/Tclbuild/build32/tcl8.6.4/win:/usr/local/bin:/c/Rtools/mingw_32/bin/:/bin/" TCLLIBPATH="/c/Tclbuild/build32/tcl8.6.4/win/pkgs" /c/Tclbuild/build32/tcl8.6.4/win/tclsh86.exe `echo /c/Tclbuild/build32/tcl8.6.4/pkgs/sqlite3.8.8.3/tests/all.tcl`  \
		-load "package ifneeded sqlite3 3.8.8.3 \
			[list load `echo sqlite3883.dll` sqlite3]"
Tests running in interp:  c:/Tclbuild/build32/tcl8.6.4/win/tclsh86.exe
Tests located in:  C:/Tclbuild/build32/tcl8.6.4/pkgs/sqlite3.8.8.3/tests
Tests running in:  C:/Tclbuild/build32/tcl8.6.4/win/pkgs/sqlite3.8.8.3
Temporary files stored in C:/Tclbuild/build32/tcl8.6.4/win/pkgs/sqlite3.8.8.3
Test files run in separate interpreters
Running tests that match:  *
Skipping test files that match:  l.*.test
Only running test files that match:  *.test
Tests began at Thu Feb 18 20:12:41 +0100 2016
leapsecond.test

Tests ended at Thu Feb 18 20:12:41 +0100 2016
all.tcl:	Total	1	Passed	1	Skipped	0	Failed	0
Sourced 1 Test Files.
make[1]: Leaving directory `/c/Tclbuild/build32/tcl8.6.4/win/pkgs/sqlite3.8.8.3'
Testing package 'tdbc1.0.3'
make[1]: Entering directory `/c/Tclbuild/build32/tcl8.6.4/win/pkgs/tdbc1.0.3'
cp -p /c/Tclbuild/build32/tcl8.6.4/pkgs/tdbc1.0.3/library/tdbc.tcl .
Tests running in interp:  c:/Tclbuild/build32/tcl8.6.4/win/tclsh86.exe
Tests located in:  C:/Tclbuild/build32/tcl8.6.4/pkgs/tdbc1.0.3/tests
Tests running in:  C:/Tclbuild/build32/tcl8.6.4/win/pkgs/tdbc1.0.3
Temporary files stored in C:/Tclbuild/build32/tcl8.6.4/win/pkgs/tdbc1.0.3
Test files run in separate interpreters
Running tests that match:  *
Skipping test files that match:  l.*.test
Only running test files that match:  *.test
Tests began at Thu Feb 18 20:12:42 +0100 2016
tdbc.test
Test file error: couldn't read file "/c/Tclbuild/build32/tcl8.6.4/pkgs/tdbc1.0.3/library/tdbc.tcl": no such file or directory
    while executing
"source /c/Tclbuild/build32/tcl8.6.4/pkgs/tdbc1.0.3/library/tdbc.tcl"
    ("package ifneeded tdbc 1.0.3" script)
    invoked from within
"package require tdbc"
    (file "C:/Tclbuild/build32/tcl8.6.4/pkgs/tdbc1.0.3/tests/tdbc.test" line 13)
tokenize.test
Test file error: couldn't read file "/c/Tclbuild/build32/tcl8.6.4/pkgs/tdbc1.0.3/library/tdbc.tcl": no such file or directory
    while executing
"source /c/Tclbuild/build32/tcl8.6.4/pkgs/tdbc1.0.3/library/tdbc.tcl"
    ("package ifneeded tdbc 1.0.3" script)
    invoked from within
"package require tdbc"
    (file "C:/Tclbuild/build32/tcl8.6.4/pkgs/tdbc1.0.3/tests/tokenize.test" line 8)

Tests ended at Thu Feb 18 20:12:42 +0100 2016
all.tcl:	Total	0	Passed	0	Skipped	0	Failed	0
Sourced 2 Test Files.

Test files exiting with errors:  

  tdbc.test

  tokenize.test

make[1]: Leaving directory `/c/Tclbuild/build32/tcl8.6.4/win/pkgs/tdbc1.0.3'
Testing package 'tdbcmysql1.0.3'
make[1]: Entering directory `/c/Tclbuild/build32/tcl8.6.4/win/pkgs/tdbcmysql1.0.3'
LD_LIBRARY_PATH=".:/c/Tclbuild/build32/tcl8.6.4/win:/c/Tclbuild/build32/tcl8.6.4/win:" PATH=".:/c/Tclbuild/build32/tcl8.6.4/win:/usr/local/bin:/c/Rtools/mingw_32/bin/:/bin/" TCLLIBPATH="/c/Tclbuild/build32/tcl8.6.4/win/pkgs" TDBCMYSQL_LIBRARY=`echo /c/Tclbuild/build32/tcl8.6.4/pkgs/tdbcmysql1.0.3/library`  TCL_LIBRARY=`echo /c/Tclbuild/build32/tcl8.6.4/library` TDBC_LIBRARY=`echo /c/Tclbuild/build32/tcl8.6.4/pkgs/tdbc1.0.3/library` /c/Tclbuild/build32/tcl8.6.4/win/tclsh86.exe `echo /c/Tclbuild/build32/tcl8.6.4/pkgs/tdbcmysql1.0.3/tests/all.tcl`  \
		-load "package ifneeded tdbc::mysql 1.0.3 \
			[list source `echo /c/Tclbuild/build32/tcl8.6.4/pkgs/tdbcmysql1.0.3/library/tdbcmysql.tcl`]\;[list load `echo tdbcmysql103.dll` tdbcmysql];\
		package ifneeded tdbc 1.0.3 \
			[list source `echo /c/Tclbuild/build32/tcl8.6.4/win/pkgs/tdbc1.0.3/tdbc.tcl`]\;[list load `echo /c/Tclbuild/build32/tcl8.6.4/win/pkgs/tdbc1.0.3/tdbc103.dll` tdbc]"
Tests running in interp:  c:/Tclbuild/build32/tcl8.6.4/win/tclsh86.exe
Tests located in:  C:/Tclbuild/build32/tcl8.6.4/pkgs/tdbcmysql1.0.3/tests
Tests running in:  C:/Tclbuild/build32/tcl8.6.4/win/pkgs/tdbcmysql1.0.3
Temporary files stored in C:/Tclbuild/build32/tcl8.6.4/win/pkgs/tdbcmysql1.0.3
Test files run in separate interpreters
Running tests that match:  *
Skipping test files that match:  l.*.test
Only running test files that match:  *.test
Tests began at Thu Feb 18 20:12:42 +0100 2016
tdbcmysql.test
Test file error: couldn't read file "/c/Tclbuild/build32/tcl8.6.4/pkgs/tdbcmysql1.0.3/library/tdbcmysql.tcl": no such file or directory
    while executing
"source /c/Tclbuild/build32/tcl8.6.4/pkgs/tdbcmysql1.0.3/library/tdbcmysql.tcl"
    ("package ifneeded tdbc::mysql 1.0.3" script)
    invoked from within
"package require tdbc::mysql"
    (file "C:/Tclbuild/build32/tcl8.6.4/pkgs/tdbcmysql1.0.3/tests/tdbcmysql.test" line 17)

Tests ended at Thu Feb 18 20:12:42 +0100 2016
all.tcl:	Total	0	Passed	0	Skipped	0	Failed	0
Sourced 1 Test Files.

Test files exiting with errors:  

  tdbcmysql.test

make[1]: Leaving directory `/c/Tclbuild/build32/tcl8.6.4/win/pkgs/tdbcmysql1.0.3'
Testing package 'tdbcodbc1.0.3'
make[1]: Entering directory `/c/Tclbuild/build32/tcl8.6.4/win/pkgs/tdbcodbc1.0.3'
testing tdbcodbc against Jet
TDBCODBC_TYPE=jet \
		LD_LIBRARY_PATH=".:/c/Tclbuild/build32/tcl8.6.4/win:/c/Tclbuild/build32/tcl8.6.4/win:" PATH=".:/c/Tclbuild/build32/tcl8.6.4/win:/usr/local/bin:/c/Rtools/mingw_32/bin/:/bin/" TCLLIBPATH="/c/Tclbuild/build32/tcl8.6.4/win/pkgs" TDBCODBC_LIBRARY=`echo /c/Tclbuild/build32/tcl8.6.4/pkgs/tdbcodbc1.0.3/library`  TCL_LIBRARY=`echo /c/Tclbuild/build32/tcl8.6.4/library` TDBC_LIBRARY=`echo /c/Tclbuild/build32/tcl8.6.4/pkgs/tdbc1.0.3/library` /c/Tclbuild/build32/tcl8.6.4/win/tclsh86.exe `echo /c/Tclbuild/build32/tcl8.6.4/pkgs/tdbcodbc1.0.3/tests/all.tcl`  \
		-load "package ifneeded tdbc::odbc 1.0.3 \
			[list source `echo /c/Tclbuild/build32/tcl8.6.4/pkgs/tdbcodbc1.0.3/library/tdbcodbc.tcl`]\;[list load `echo tdbcodbc103.dll` tdbcodbc];\
		package ifneeded tdbc 1.0.3 \
			[list source `echo /c/Tclbuild/build32/tcl8.6.4/win/pkgs/tdbc1.0.3/tdbc.tcl`]\;[list load `echo /c/Tclbuild/build32/tcl8.6.4/win/pkgs/tdbc1.0.3/tdbc103.dll` tdbc]"
Tests running in interp:  c:/Tclbuild/build32/tcl8.6.4/win/tclsh86.exe
Tests located in:  C:/Tclbuild/build32/tcl8.6.4/pkgs/tdbcodbc1.0.3/tests
Tests running in:  C:/Tclbuild/build32/tcl8.6.4/win/pkgs/tdbcodbc1.0.3
Temporary files stored in C:/Tclbuild/build32/tcl8.6.4/win/pkgs/tdbcodbc1.0.3
Test files run in separate interpreters
Running tests that match:  *
Skipping test files that match:  l.*.test
Only running test files that match:  *.test
Tests began at Thu Feb 18 20:12:43 +0100 2016
tdbcodbc.test
Test file error: couldn't read file "/c/Tclbuild/build32/tcl8.6.4/pkgs/tdbcodbc1.0.3/library/tdbcodbc.tcl": no such file or directory
    while executing
"source /c/Tclbuild/build32/tcl8.6.4/pkgs/tdbcodbc1.0.3/library/tdbcodbc.tcl"
    ("package ifneeded tdbc::odbc 1.0.3" script)
    invoked from within
"package require tdbc::odbc"
    (file "C:/Tclbuild/build32/tcl8.6.4/pkgs/tdbcodbc1.0.3/tests/tdbcodbc.test" line 16)

Tests ended at Thu Feb 18 20:12:43 +0100 2016
all.tcl:	Total	0	Passed	0	Skipped	0	Failed	0
Sourced 1 Test Files.

Test files exiting with errors:  

  tdbcodbc.test

testing tdbcodbc against SQL Server
TDBCODBC_TYPE=sqlserver \
		LD_LIBRARY_PATH=".:/c/Tclbuild/build32/tcl8.6.4/win:/c/Tclbuild/build32/tcl8.6.4/win:" PATH=".:/c/Tclbuild/build32/tcl8.6.4/win:/usr/local/bin:/c/Rtools/mingw_32/bin/:/bin/" TCLLIBPATH="/c/Tclbuild/build32/tcl8.6.4/win/pkgs" TDBCODBC_LIBRARY=`echo /c/Tclbuild/build32/tcl8.6.4/pkgs/tdbcodbc1.0.3/library`  TCL_LIBRARY=`echo /c/Tclbuild/build32/tcl8.6.4/library` TDBC_LIBRARY=`echo /c/Tclbuild/build32/tcl8.6.4/pkgs/tdbc1.0.3/library` /c/Tclbuild/build32/tcl8.6.4/win/tclsh86.exe `echo /c/Tclbuild/build32/tcl8.6.4/pkgs/tdbcodbc1.0.3/tests/all.tcl`  \
		-load "package ifneeded tdbc::odbc 1.0.3 \
			[list source `echo /c/Tclbuild/build32/tcl8.6.4/pkgs/tdbcodbc1.0.3/library/tdbcodbc.tcl`]\;[list load `echo tdbcodbc103.dll` tdbcodbc];\
		package ifneeded tdbc 1.0.3 \
			[list source `echo /c/Tclbuild/build32/tcl8.6.4/win/pkgs/tdbc1.0.3/tdbc.tcl`]\;[list load `echo /c/Tclbuild/build32/tcl8.6.4/win/pkgs/tdbc1.0.3/tdbc103.dll` tdbc]"
Tests running in interp:  c:/Tclbuild/build32/tcl8.6.4/win/tclsh86.exe
Tests located in:  C:/Tclbuild/build32/tcl8.6.4/pkgs/tdbcodbc1.0.3/tests
Tests running in:  C:/Tclbuild/build32/tcl8.6.4/win/pkgs/tdbcodbc1.0.3
Temporary files stored in C:/Tclbuild/build32/tcl8.6.4/win/pkgs/tdbcodbc1.0.3
Test files run in separate interpreters
Running tests that match:  *
Skipping test files that match:  l.*.test
Only running test files that match:  *.test
Tests began at Thu Feb 18 20:12:43 +0100 2016
tdbcodbc.test
Test file error: couldn't read file "/c/Tclbuild/build32/tcl8.6.4/pkgs/tdbcodbc1.0.3/library/tdbcodbc.tcl": no such file or directory
    while executing
"source /c/Tclbuild/build32/tcl8.6.4/pkgs/tdbcodbc1.0.3/library/tdbcodbc.tcl"
    ("package ifneeded tdbc::odbc 1.0.3" script)
    invoked from within
"package require tdbc::odbc"
    (file "C:/Tclbuild/build32/tcl8.6.4/pkgs/tdbcodbc1.0.3/tests/tdbcodbc.test" line 16)

Tests ended at Thu Feb 18 20:12:43 +0100 2016
all.tcl:	Total	0	Passed	0	Skipped	0	Failed	0
Sourced 1 Test Files.

Test files exiting with errors:  

  tdbcodbc.test

testing tdbcodbc against SQLite
TDBCODBC_TYPE=sqlite \
		LD_LIBRARY_PATH=".:/c/Tclbuild/build32/tcl8.6.4/win:/c/Tclbuild/build32/tcl8.6.4/win:" PATH=".:/c/Tclbuild/build32/tcl8.6.4/win:/usr/local/bin:/c/Rtools/mingw_32/bin/:/bin/" TCLLIBPATH="/c/Tclbuild/build32/tcl8.6.4/win/pkgs" TDBCODBC_LIBRARY=`echo /c/Tclbuild/build32/tcl8.6.4/pkgs/tdbcodbc1.0.3/library`  TCL_LIBRARY=`echo /c/Tclbuild/build32/tcl8.6.4/library` TDBC_LIBRARY=`echo /c/Tclbuild/build32/tcl8.6.4/pkgs/tdbc1.0.3/library` /c/Tclbuild/build32/tcl8.6.4/win/tclsh86.exe `echo /c/Tclbuild/build32/tcl8.6.4/pkgs/tdbcodbc1.0.3/tests/all.tcl`  \
		-load "package ifneeded tdbc::odbc 1.0.3 \
			[list source `echo /c/Tclbuild/build32/tcl8.6.4/pkgs/tdbcodbc1.0.3/library/tdbcodbc.tcl`]\;[list load `echo tdbcodbc103.dll` tdbcodbc];\
		package ifneeded tdbc 1.0.3 \
			[list source `echo /c/Tclbuild/build32/tcl8.6.4/win/pkgs/tdbc1.0.3/tdbc.tcl`]\;[list load `echo /c/Tclbuild/build32/tcl8.6.4/win/pkgs/tdbc1.0.3/tdbc103.dll` tdbc]"
Tests running in interp:  c:/Tclbuild/build32/tcl8.6.4/win/tclsh86.exe
Tests located in:  C:/Tclbuild/build32/tcl8.6.4/pkgs/tdbcodbc1.0.3/tests
Tests running in:  C:/Tclbuild/build32/tcl8.6.4/win/pkgs/tdbcodbc1.0.3
Temporary files stored in C:/Tclbuild/build32/tcl8.6.4/win/pkgs/tdbcodbc1.0.3
Test files run in separate interpreters
Running tests that match:  *
Skipping test files that match:  l.*.test
Only running test files that match:  *.test
Tests began at Thu Feb 18 20:12:43 +0100 2016
tdbcodbc.test
Test file error: couldn't read file "/c/Tclbuild/build32/tcl8.6.4/pkgs/tdbcodbc1.0.3/library/tdbcodbc.tcl": no such file or directory
    while executing
"source /c/Tclbuild/build32/tcl8.6.4/pkgs/tdbcodbc1.0.3/library/tdbcodbc.tcl"
    ("package ifneeded tdbc::odbc 1.0.3" script)
    invoked from within
"package require tdbc::odbc"
    (file "C:/Tclbuild/build32/tcl8.6.4/pkgs/tdbcodbc1.0.3/tests/tdbcodbc.test" line 16)

Tests ended at Thu Feb 18 20:12:44 +0100 2016
all.tcl:	Total	0	Passed	0	Skipped	0	Failed	0
Sourced 1 Test Files.

Test files exiting with errors:  

  tdbcodbc.test

make[1]: Leaving directory `/c/Tclbuild/build32/tcl8.6.4/win/pkgs/tdbcodbc1.0.3'
Testing package 'tdbcpostgres1.0.3'
make[1]: Entering directory `/c/Tclbuild/build32/tcl8.6.4/win/pkgs/tdbcpostgres1.0.3'
LD_LIBRARY_PATH=".:/c/Tclbuild/build32/tcl8.6.4/win:/c/Tclbuild/build32/tcl8.6.4/win:" PATH=".:/c/Tclbuild/build32/tcl8.6.4/win:/usr/local/bin:/c/Rtools/mingw_32/bin/:/bin/" TCLLIBPATH="/c/Tclbuild/build32/tcl8.6.4/win/pkgs" TDBCPOSTGRES_LIBRARY=`echo /c/Tclbuild/build32/tcl8.6.4/pkgs/tdbcpostgres1.0.3/library` TCL_LIBRARY=`echo /c/Tclbuild/build32/tcl8.6.4/library` /c/Tclbuild/build32/tcl8.6.4/win/tclsh86.exe `echo /c/Tclbuild/build32/tcl8.6.4/pkgs/tdbcpostgres1.0.3/tests/all.tcl`  \
		-load "package ifneeded tdbc::postgres 1.0.3 \
			[list source `echo /c/Tclbuild/build32/tcl8.6.4/pkgs/tdbcpostgres1.0.3/library/tdbcpostgres.tcl`]\;[list load `echo tdbcpostgres103.dll` tdbcpostgres];\
		package ifneeded tdbc 1.0.3 \
			[list source `echo /c/Tclbuild/build32/tcl8.6.4/win/pkgs/tdbc1.0.3/tdbc.tcl`]\;[list load `echo /c/Tclbuild/build32/tcl8.6.4/win/pkgs/tdbc1.0.3/tdbc103.dll` tdbc]"
Tests running in interp:  c:/Tclbuild/build32/tcl8.6.4/win/tclsh86.exe
Tests located in:  C:/Tclbuild/build32/tcl8.6.4/pkgs/tdbcpostgres1.0.3/tests
Tests running in:  C:/Tclbuild/build32/tcl8.6.4/win/pkgs/tdbcpostgres1.0.3
Temporary files stored in C:/Tclbuild/build32/tcl8.6.4/win/pkgs/tdbcpostgres1.0.3
Test files run in separate interpreters
Running tests that match:  *
Skipping test files that match:  l.*.test
Only running test files that match:  *.test
Tests began at Thu Feb 18 20:12:44 +0100 2016
tdbcpostgres.test
Test file error: couldn't read file "/c/Tclbuild/build32/tcl8.6.4/pkgs/tdbcpostgres1.0.3/library/tdbcpostgres.tcl": no such file or directory
    while executing
"source /c/Tclbuild/build32/tcl8.6.4/pkgs/tdbcpostgres1.0.3/library/tdbcpostgres.tcl"
    ("package ifneeded tdbc::postgres 1.0.3" script)
    invoked from within
"package require tdbc::postgres"
    (file "C:/Tclbuild/build32/tcl8.6.4/pkgs/tdbcpostgres1.0.3/tests/tdbcpostgres.test" line 15)

Tests ended at Thu Feb 18 20:12:44 +0100 2016
all.tcl:	Total	0	Passed	0	Skipped	0	Failed	0
Sourced 1 Test Files.

Test files exiting with errors:  

  tdbcpostgres.test

make[1]: Leaving directory `/c/Tclbuild/build32/tcl8.6.4/win/pkgs/tdbcpostgres1.0.3'
Testing package 'tdbcsqlite3-1.0.3'
make[1]: Entering directory `/c/Tclbuild/build32/tcl8.6.4/win/pkgs/tdbcsqlite3-1.0.3'
PATH=".:/c/Tclbuild/build32/tcl8.6.4/win:/usr/local/bin:/c/Rtools/mingw_32/bin/:/bin/" TCLLIBPATH="/c/Tclbuild/build32/tcl8.6.4/win/pkgs" TCL_LIBRARY=`echo /c/Tclbuild/build32/tcl8.6.4/library` /c/Tclbuild/build32/tcl8.6.4/win/tclsh86.exe `echo /c/Tclbuild/build32/tcl8.6.4/pkgs/tdbcsqlite3-1.0.3/tests/all.tcl`  -load \
		"package ifneeded tdbc::sqlite3 1.0.3 \
			[list source `echo /c/Tclbuild/build32/tcl8.6.4/pkgs/tdbcsqlite3-1.0.3/library/tdbcsqlite3.tcl`];\
		package ifneeded tdbc 1.0.3 \
			[list source `echo /c/Tclbuild/build32/tcl8.6.4/win/pkgs/tdbc1.0.3/tdbc.tcl`]\;[list load `echo /c/Tclbuild/build32/tcl8.6.4/win/pkgs/tdbc1.0.3/tdbc103.dll` tdbc]"
Tests running in interp:       c:/Tclbuild/build32/tcl8.6.4/win/tclsh86.exe
Tests running with pwd:        C:/Tclbuild/build32/tcl8.6.4/win/pkgs/tdbcsqlite3-1.0.3
Tests running in working dir:  C:/Tclbuild/build32/tcl8.6.4/pkgs/tdbcsqlite3-1.0.3/tests
Only running tests that match:        *
Skipping test files that match:       l.*.test
Only sourcing test files that match:  *.test
Tests began at Thu Feb 18 20:12:44 +0100 2016
tdbcsqlite3.test
couldn't read file "/c/Tclbuild/build32/tcl8.6.4/pkgs/tdbcsqlite3-1.0.3/library/tdbcsqlite3.tcl": no such file or directory

Tests ended at Thu Feb 18 20:12:44 +0100 2016
all.tcl:	Total	0	Passed	0	Skipped	0	Failed	0
Sourced 0 Test Files.
make[1]: Leaving directory `/c/Tclbuild/build32/tcl8.6.4/win/pkgs/tdbcsqlite3-1.0.3'
Testing package 'thread2.7.2'
make[1]: Entering directory `/c/Tclbuild/build32/tcl8.6.4/win/pkgs/thread2.7.2'
TCL_THREAD_LIBRARY=`echo /c/Tclbuild/build32/tcl8.6.4/pkgs/thread2.7.2/lib` LD_LIBRARY_PATH=".:/c/Tclbuild/build32/tcl8.6.4/win:/c/Tclbuild/build32/tcl8.6.4/win:" PATH=".:/c/Tclbuild/build32/tcl8.6.4/win:/usr/local/bin:/c/Rtools/mingw_32/bin/:/bin/" TCLLIBPATH="/c/Tclbuild/build32/tcl8.6.4/win/pkgs ./../lib" TCL_LIBRARY=`echo /c/Tclbuild/build32/tcl8.6.4/library` /c/Tclbuild/build32/tcl8.6.4/win/tclsh86.exe `echo /c/Tclbuild/build32/tcl8.6.4/pkgs/thread2.7.2/tests/all.tcl`  \
		-load "package ifneeded thread 2.7.2 \
			[list load `echo thread272.dll` thread]"
Tcl 8.6.4 tests running in interp:  c:/Tclbuild/build32/tcl8.6.4/win/tclsh86.exe
Tests running in working dir:  C:/Tclbuild/build32/tcl8.6.4/pkgs/thread2.7.2/tests
Only running tests that match:  *
Skipping test files that match:  l.*.test
Only sourcing test files that match:  *.test
Tests began at Thu Feb 18 20:12:45 +0100 2016
Thread 2.7.2
Mainthread id is tid00004FF8
thread.test
tpool.test
tsv.test
ttrace.test

Tests ended at Thu Feb 18 20:13:00 +0100 2016
all.tcl:	Total	116	Passed	116	Skipped	0	Failed	0
Sourced 0 Test Files.
make[1]: Leaving directory `/c/Tclbuild/build32/tcl8.6.4/win/pkgs/thread2.7.2'
